# JRE version: OpenJDK Runtime Environment Microsoft-10376486 (17.0.13+11) (build 17.0.13+11-LTS)
# Java VM: OpenJDK 64-Bit Server VM Microsoft-10376486 (17.0.13+11-LTS, mixed mode, sharing, tiered, compressed oops, compressed class ptrs, g1 gc, windows-amd64)
GC Precious Log:
 CPUs: 4 total, 4 available
 Memory: 8072M
 Large Page Support: Disabled
 NUMA Support: Disabled
 Compressed Oops: Enabled (32-bit)
 Heap Region Size: 1M
 Heap Min Capacity: 8M
 Heap Initial Capacity: 128M
 Heap Max Capacity: 2G
 Pre-touch: Disabled
 Parallel Workers: 4
 Concurrent Workers: 1
 Concurrent Refinement Workers: 4
 Periodic GC: Disabled
Heap:
 garbage-first heap   total 440320K, used 387862K [0x0000000080000000, 0x0000000100000000)
  region size 1024K, 3 young (3072K), 3 survivors (3072K)
 Metaspace       used 124751K, committed 126912K, reserved 557056K
  class space    used 16932K, committed 17920K, reserved 425984K
GC Heap History (20 events):
Event: 6361.500 GC heap after
{Heap after GC invocations=108 (full 0):
 garbage-first heap   total 440320K, used 353310K [0x0000000080000000, 0x0000000100000000)
  region size 1024K, 2 young (2048K), 2 survivors (2048K)
 Metaspace       used 124326K, committed 126400K, reserved 557056K
  class space    used 16908K, committed 17920K, reserved 425984K
}
Event: 6369.925 GC heap before
{Heap before GC invocations=108 (full 0):
 garbage-first heap   total 440320K, used 390174K [0x0000000080000000, 0x0000000100000000)
  region size 1024K, 38 young (38912K), 2 survivors (2048K)
 Metaspace       used 124393K, committed 126528K, reserved 557056K
  class space    used 16909K, committed 17920K, reserved 425984K
}
Event: 6369.974 GC heap after
{Heap after GC invocations=109 (full 0):
 garbage-first heap   total 440320K, used 356310K [0x0000000080000000, 0x0000000100000000)
  region size 1024K, 5 young (5120K), 5 survivors (5120K)
 Metaspace       used 124393K, committed 126528K, reserved 557056K
  class space    used 16909K, committed 17920K, reserved 425984K
}
Event: 6371.911 GC heap before
{Heap before GC invocations=109 (full 0):
 garbage-first heap   total 440320K, used 372694K [0x0000000080000000, 0x0000000100000000)
  region size 1024K, 21 young (21504K), 5 survivors (5120K)
 Metaspace       used 124501K, committed 126656K, reserved 557056K
  class space    used 16927K, committed 17920K, reserved 425984K
}
Event: 6371.975 GC heap after
{Heap after GC invocations=110 (full 0):
 garbage-first heap   total 440320K, used 358500K [0x0000000080000000, 0x0000000100000000)
  region size 1024K, 3 young (3072K), 3 survivors (3072K)
 Metaspace       used 124501K, committed 126656K, reserved 557056K
  class space    used 16927K, committed 17920K, reserved 425984K
}
Event: 6373.982 GC heap before
{Heap before GC invocations=110 (full 0):
 garbage-first heap   total 440320K, used 388196K [0x0000000080000000, 0x0000000100000000)
  region size 1024K, 31 young (31744K), 3 survivors (3072K)
 Metaspace       used 124520K, committed 126656K, reserved 557056K
  class space    used 16928K, committed 17920K, reserved 425984K
}
Event: 6374.017 GC heap after
{Heap after GC invocations=111 (full 0):
 garbage-first heap   total 440320K, used 362171K [0x0000000080000000, 0x0000000100000000)
  region size 1024K, 4 young (4096K), 4 survivors (4096K)
 Metaspace       used 124520K, committed 126656K, reserved 557056K
  class space    used 16928K, committed 17920K, reserved 425984K
}
Event: 6376.776 GC heap before
{Heap before GC invocations=111 (full 0):
 garbage-first heap   total 440320K, used 387771K [0x0000000080000000, 0x0000000100000000)
  region size 1024K, 29 young (29696K), 4 survivors (4096K)
 Metaspace       used 124587K, committed 126720K, reserved 557056K
  class space    used 16928K, committed 17920K, reserved 425984K
}
Event: 6376.812 GC heap after
{Heap after GC invocations=112 (full 0):
 garbage-first heap   total 440320K, used 366006K [0x0000000080000000, 0x0000000100000000)
  region size 1024K, 4 young (4096K), 4 survivors (4096K)
 Metaspace       used 124587K, committed 126720K, reserved 557056K
  class space    used 16928K, committed 17920K, reserved 425984K
}
Event: 6377.683 GC heap before
{Heap before GC invocations=112 (full 0):
 garbage-first heap   total 440320K, used 387510K [0x0000000080000000, 0x0000000100000000)
  region size 1024K, 25 young (25600K), 4 survivors (4096K)
 Metaspace       used 124602K, committed 126720K, reserved 557056K
  class space    used 16928K, committed 17920K, reserved 425984K
}
Event: 6377.733 GC heap after
{Heap after GC invocations=113 (full 0):
 garbage-first heap   total 440320K, used 370484K [0x0000000080000000, 0x0000000100000000)
  region size 1024K, 4 young (4096K), 4 survivors (4096K)
 Metaspace       used 124602K, committed 126720K, reserved 557056K
  class space    used 16928K, committed 17920K, reserved 425984K
}
Event: 6378.358 GC heap before
{Heap before GC invocations=113 (full 0):
 garbage-first heap   total 440320K, used 387892K [0x0000000080000000, 0x0000000100000000)
  region size 1024K, 21 young (21504K), 4 survivors (4096K)
 Metaspace       used 124655K, committed 126784K, reserved 557056K
  class space    used 16930K, committed 17920K, reserved 425984K
}
Event: 6378.414 GC heap after
{Heap after GC invocations=114 (full 0):
 garbage-first heap   total 440320K, used 376049K [0x0000000080000000, 0x0000000100000000)
  region size 1024K, 3 young (3072K), 3 survivors (3072K)
 Metaspace       used 124655K, committed 126784K, reserved 557056K
  class space    used 16930K, committed 17920K, reserved 425984K
}
Event: 6379.002 GC heap before
{Heap before GC invocations=114 (full 0):
 garbage-first heap   total 440320K, used 394481K [0x0000000080000000, 0x0000000100000000)
  region size 1024K, 21 young (21504K), 3 survivors (3072K)
 Metaspace       used 124658K, committed 126784K, reserved 557056K
  class space    used 16930K, committed 17920K, reserved 425984K
}
Event: 6379.032 GC heap after
{Heap after GC invocations=115 (full 0):
 garbage-first heap   total 440320K, used 379458K [0x0000000080000000, 0x0000000100000000)
  region size 1024K, 3 young (3072K), 3 survivors (3072K)
 Metaspace       used 124658K, committed 126784K, reserved 557056K
  class space    used 16930K, committed 17920K, reserved 425984K
}
Event: 6380.094 GC heap before
{Heap before GC invocations=115 (full 0):
 garbage-first heap   total 440320K, used 397890K [0x0000000080000000, 0x0000000100000000)
  region size 1024K, 21 young (21504K), 3 survivors (3072K)
 Metaspace       used 124708K, committed 126848K, reserved 557056K
  class space    used 16931K, committed 17920K, reserved 425984K
}
Event: 6380.119 GC heap after
{Heap after GC invocations=116 (full 0):
 garbage-first heap   total 440320K, used 382069K [0x0000000080000000, 0x0000000100000000)
  region size 1024K, 3 young (3072K), 3 survivors (3072K)
 Metaspace       used 124708K, committed 126848K, reserved 557056K
  class space    used 16931K, committed 17920K, reserved 425984K
}
Event: 6380.768 GC heap before
{Heap before GC invocations=116 (full 0):
 garbage-first heap   total 440320K, used 400501K [0x0000000080000000, 0x0000000100000000)
  region size 1024K, 21 young (21504K), 3 survivors (3072K)
 Metaspace       used 124732K, committed 126848K, reserved 557056K
  class space    used 16931K, committed 17920K, reserved 425984K
}
Event: 6380.795 GC heap after
{Heap after GC invocations=117 (full 0):
 garbage-first heap   total 440320K, used 385187K [0x0000000080000000, 0x0000000100000000)
  region size 1024K, 3 young (3072K), 3 survivors (3072K)
 Metaspace       used 124732K, committed 126848K, reserved 557056K
  class space    used 16931K, committed 17920K, reserved 425984K
}
Event: 6381.290 GC heap before
{Heap before GC invocations=117 (full 0):
 garbage-first heap   total 440320K, used 403619K [0x0000000080000000, 0x0000000100000000)
  region size 1024K, 21 young (21504K), 3 survivors (3072K)
 Metaspace       used 124751K, committed 126912K, reserved 557056K
  class space    used 16932K, committed 17920K, reserved 425984K
}

